Rezultate cu A*:
Cu euristica banala.
A fost depasit timeout-ul!
------------------------------------------------------------------------------------------------------------------------------------------------------
Cu euristica gresita.
A fost depasit timeout-ul!
------------------------------------------------------------------------------------------------------------------------------------------------------
Cu euristica care tine cont de distanta catre mal.
Timp total executie: 0.38661837577819824
0)
Broscovina se afla pe frunza initiala id1. Greutate broscuta 5
Mormolocel se afla pe frunza initiala id12. Greutate broscuta 3
Stare frunze: [['id0', 1.0, 5.0, 3, 5.0], ['id1', 0.0, 0.0, 0, 0.0], ['id2', -1.0, 1.0, 3, 8.0], ['id3', 0.0, 2.0, 0, 7.0], ['id4', 2.0, 2.0, 3, 10.0], ['id5', 3.0, 0.0, 1, 5.0], ['id6', -3.0, 1.0, 1, 6.0], ['id7', -4.0, 1.0, 3, 7.0], ['id8', -4.0, 0.0, 1, 7.0], ['id9', -5.0, 0.0, 2, 8.0], ['id10', -3.0, -3.0, 4, 12.0], ['id11', 1.0, -3.0, 3, 6.0], ['id12', 0.0, -2.0, 2, 2.0], ['id13', -2.0, -1.0, 3, 9.0], ['id14', -1.0, -1.0, 7, 15.0]]
1)
Broscovina a mancat 0 insecte. Broscovina a sarit de la id1 la id14. Greutate broscuta 4
Mormolocel a mancat 2 insecte. Mormolocel a sarit de la id12 la id14. Greutate broscuta 4
Stare frunze: [['id0', 1.0, 5.0, 3, 5.0], ['id1', 0.0, 0.0, 0, 5.0], ['id2', -1.0, 1.0, 3, 8.0], ['id3', 0.0, 2.0, 0, 7.0], ['id4', 2.0, 2.0, 3, 10.0], ['id5', 3.0, 0.0, 1, 5.0], ['id6', -3.0, 1.0, 1, 6.0], ['id7', -4.0, 1.0, 3, 7.0], ['id8', -4.0, 0.0, 1, 7.0], ['id9', -5.0, 0.0, 2, 8.0], ['id10', -3.0, -3.0, 4, 12.0], ['id11', 1.0, -3.0, 3, 6.0], ['id12', 0.0, -2.0, 0, 5.0], ['id13', -2.0, -1.0, 3, 9.0], ['id14', -1.0, -1.0, 7, 7.0]]
2)
Broscovina a mancat 6 insecte. Broscovina a sarit de la id14 la id10. Greutate broscuta 9
Mormolocel a mancat 1 insecte. Mormolocel a sarit de la id14 la id13. Greutate broscuta 4
Stare frunze: [['id0', 1.0, 5.0, 3, 5.0], ['id1', 0.0, 0.0, 0, 5.0], ['id2', -1.0, 1.0, 3, 8.0], ['id3', 0.0, 2.0, 0, 7.0], ['id4', 2.0, 2.0, 3, 10.0], ['id5', 3.0, 0.0, 1, 5.0], ['id6', -3.0, 1.0, 1, 6.0], ['id7', -4.0, 1.0, 3, 7.0], ['id8', -4.0, 0.0, 1, 7.0], ['id9', -5.0, 0.0, 2, 8.0], ['id10', -3.0, -3.0, 4, 3.0], ['id11', 1.0, -3.0, 3, 6.0], ['id12', 0.0, -2.0, 0, 5.0], ['id13', -2.0, -1.0, 3, 5.0], ['id14', -1.0, -1.0, 0, 15.0]]
3)
Broscovina a mancat 0 insecte. Broscovina a sarit de la id10 la mal. Greutate broscuta 8
Mormolocel a mancat 3 insecte. Mormolocel a sarit de la id13 la id10. Greutate broscuta 6
Stare frunze: [['id0', 1.0, 5.0, 3, 5.0], ['id1', 0.0, 0.0, 0, 5.0], ['id2', -1.0, 1.0, 3, 8.0], ['id3', 0.0, 2.0, 0, 7.0], ['id4', 2.0, 2.0, 3, 10.0], ['id5', 3.0, 0.0, 1, 5.0], ['id6', -3.0, 1.0, 1, 6.0], ['id7', -4.0, 1.0, 3, 7.0], ['id8', -4.0, 0.0, 1, 7.0], ['id9', -5.0, 0.0, 2, 8.0], ['id10', -3.0, -3.0, 4, 6.0], ['id11', 1.0, -3.0, 3, 6.0], ['id12', 0.0, -2.0, 0, 5.0], ['id13', -2.0, -1.0, 0, 9.0], ['id14', -1.0, -1.0, 0, 15.0]]
4)
Mormolocel a mancat 4 insecte. Mormolocel a sarit de la id10 la mal. Greutate broscuta 9
Stare frunze: [['id0', 1.0, 5.0, 3, 5.0], ['id1', 0.0, 0.0, 0, 5.0], ['id2', -1.0, 1.0, 3, 8.0], ['id3', 0.0, 2.0, 0, 7.0], ['id4', 2.0, 2.0, 3, 10.0], ['id5', 3.0, 0.0, 1, 5.0], ['id6', -3.0, 1.0, 1, 6.0], ['id7', -4.0, 1.0, 3, 7.0], ['id8', -4.0, 0.0, 1, 7.0], ['id9', -5.0, 0.0, 2, 8.0], ['id10', -3.0, -3.0, 0, 12.0], ['id11', 1.0, -3.0, 3, 6.0], ['id12', 0.0, -2.0, 0, 5.0], ['id13', -2.0, -1.0, 0, 9.0], ['id14', -1.0, -1.0, 0, 15.0]]
Cost total: 14.407640852753602
Noduri folosite de algoritm in total: 1538
Noduri folosite maxim in memorie la un moment dat de algoritm: 1538
------------------------------------------------------------------------------------------------------------------------------------------------------
------------------------------------------------------------------------------------------------------------------------------------------------------
Cu euristica care tine cont de cea mai apropiata frunza (sau mal).
A fost depasit timeout-ul!
------------------------------------------------------------------------------------------------------------------------------------------------------
------------------------------------------------------------------------------------------------------------------------------------------------------
Rezultate cu A* optim:
Cu euristica banala.
A fost depasit timeout-ul!
------------------------------------------------------------------------------------------------------------------------------------------------------
Cu euristica gresita.
A fost depasit timeout-ul!
------------------------------------------------------------------------------------------------------------------------------------------------------
Cu euristica care tine cont de distanta catre mal.
Timp total executie: 0.6459944248199463
0)
Broscovina se afla pe frunza initiala id1. Greutate broscuta 5
Mormolocel se afla pe frunza initiala id12. Greutate broscuta 3
Stare frunze: [['id0', 1.0, 5.0, 3, 5.0], ['id1', 0.0, 0.0, 0, 0.0], ['id2', -1.0, 1.0, 3, 8.0], ['id3', 0.0, 2.0, 0, 7.0], ['id4', 2.0, 2.0, 3, 10.0], ['id5', 3.0, 0.0, 1, 5.0], ['id6', -3.0, 1.0, 1, 6.0], ['id7', -4.0, 1.0, 3, 7.0], ['id8', -4.0, 0.0, 1, 7.0], ['id9', -5.0, 0.0, 2, 8.0], ['id10', -3.0, -3.0, 4, 12.0], ['id11', 1.0, -3.0, 3, 6.0], ['id12', 0.0, -2.0, 2, 2.0], ['id13', -2.0, -1.0, 3, 9.0], ['id14', -1.0, -1.0, 7, 15.0]]
1)
Broscovina a mancat 0 insecte. Broscovina a sarit de la id1 la id14. Greutate broscuta 4
Mormolocel a mancat 2 insecte. Mormolocel a sarit de la id12 la id14. Greutate broscuta 4
Stare frunze: [['id0', 1.0, 5.0, 3, 5.0], ['id1', 0.0, 0.0, 0, 5.0], ['id2', -1.0, 1.0, 3, 8.0], ['id3', 0.0, 2.0, 0, 7.0], ['id4', 2.0, 2.0, 3, 10.0], ['id5', 3.0, 0.0, 1, 5.0], ['id6', -3.0, 1.0, 1, 6.0], ['id7', -4.0, 1.0, 3, 7.0], ['id8', -4.0, 0.0, 1, 7.0], ['id9', -5.0, 0.0, 2, 8.0], ['id10', -3.0, -3.0, 4, 12.0], ['id11', 1.0, -3.0, 3, 6.0], ['id12', 0.0, -2.0, 0, 5.0], ['id13', -2.0, -1.0, 3, 9.0], ['id14', -1.0, -1.0, 7, 7.0]]
2)
Broscovina a mancat 5 insecte. Broscovina a sarit de la id14 la id10. Greutate broscuta 8
Mormolocel a mancat 2 insecte. Mormolocel a sarit de la id14 la id13. Greutate broscuta 5
Stare frunze: [['id0', 1.0, 5.0, 3, 5.0], ['id1', 0.0, 0.0, 0, 5.0], ['id2', -1.0, 1.0, 3, 8.0], ['id3', 0.0, 2.0, 0, 7.0], ['id4', 2.0, 2.0, 3, 10.0], ['id5', 3.0, 0.0, 1, 5.0], ['id6', -3.0, 1.0, 1, 6.0], ['id7', -4.0, 1.0, 3, 7.0], ['id8', -4.0, 0.0, 1, 7.0], ['id9', -5.0, 0.0, 2, 8.0], ['id10', -3.0, -3.0, 4, 4.0], ['id11', 1.0, -3.0, 3, 6.0], ['id12', 0.0, -2.0, 0, 5.0], ['id13', -2.0, -1.0, 3, 4.0], ['id14', -1.0, -1.0, 0, 15.0]]
3)
Broscovina a mancat 1 insecte. Broscovina a sarit de la id10 la mal. Greutate broscuta 8
Mormolocel a mancat 2 insecte. Mormolocel a sarit de la id13 la id10. Greutate broscuta 6
Stare frunze: [['id0', 1.0, 5.0, 3, 5.0], ['id1', 0.0, 0.0, 0, 5.0], ['id2', -1.0, 1.0, 3, 8.0], ['id3', 0.0, 2.0, 0, 7.0], ['id4', 2.0, 2.0, 3, 10.0], ['id5', 3.0, 0.0, 1, 5.0], ['id6', -3.0, 1.0, 1, 6.0], ['id7', -4.0, 1.0, 3, 7.0], ['id8', -4.0, 0.0, 1, 7.0], ['id9', -5.0, 0.0, 2, 8.0], ['id10', -3.0, -3.0, 3, 6.0], ['id11', 1.0, -3.0, 3, 6.0], ['id12', 0.0, -2.0, 0, 5.0], ['id13', -2.0, -1.0, 1, 9.0], ['id14', -1.0, -1.0, 0, 15.0]]
4)
Mormolocel a mancat 3 insecte. Mormolocel a sarit de la id10 la mal. Greutate broscuta 8
Stare frunze: [['id0', 1.0, 5.0, 3, 5.0], ['id1', 0.0, 0.0, 0, 5.0], ['id2', -1.0, 1.0, 3, 8.0], ['id3', 0.0, 2.0, 0, 7.0], ['id4', 2.0, 2.0, 3, 10.0], ['id5', 3.0, 0.0, 1, 5.0], ['id6', -3.0, 1.0, 1, 6.0], ['id7', -4.0, 1.0, 3, 7.0], ['id8', -4.0, 0.0, 1, 7.0], ['id9', -5.0, 0.0, 2, 8.0], ['id10', -3.0, -3.0, 0, 12.0], ['id11', 1.0, -3.0, 3, 6.0], ['id12', 0.0, -2.0, 0, 5.0], ['id13', -2.0, -1.0, 1, 9.0], ['id14', -1.0, -1.0, 0, 15.0]]
Cost total: 14.407640852753602
Noduri folosite de algoritm in total: 1507
Noduri folosite maxim in memorie la un moment dat de algoritm: 1507
------------------------------------------------------------------------------------------------------------------------------------------------------
------------------------------------------------------------------------------------------------------------------------------------------------------
Cu euristica care tine cont de cea mai apropiata frunza (sau mal).
A fost depasit timeout-ul!
------------------------------------------------------------------------------------------------------------------------------------------------------
------------------------------------------------------------------------------------------------------------------------------------------------------
Rezultate cu IDA*:
Cu euristica banala.
A fost depasit timeout-ul!
------------------------------------------------------------------------------------------------------------------------------------------------------
Cu euristica gresita.
A fost depasit timeout-ul!
------------------------------------------------------------------------------------------------------------------------------------------------------
Cu euristica care tine cont de distanta catre mal.
Timp total executie: 1.290963888168335
0)
Broscovina se afla pe frunza initiala id1. Greutate broscuta 5
Mormolocel se afla pe frunza initiala id12. Greutate broscuta 3
Stare frunze: [['id0', 1.0, 5.0, 3, 5.0], ['id1', 0.0, 0.0, 0, 0.0], ['id2', -1.0, 1.0, 3, 8.0], ['id3', 0.0, 2.0, 0, 7.0], ['id4', 2.0, 2.0, 3, 10.0], ['id5', 3.0, 0.0, 1, 5.0], ['id6', -3.0, 1.0, 1, 6.0], ['id7', -4.0, 1.0, 3, 7.0], ['id8', -4.0, 0.0, 1, 7.0], ['id9', -5.0, 0.0, 2, 8.0], ['id10', -3.0, -3.0, 4, 12.0], ['id11', 1.0, -3.0, 3, 6.0], ['id12', 0.0, -2.0, 2, 2.0], ['id13', -2.0, -1.0, 3, 9.0], ['id14', -1.0, -1.0, 7, 15.0]]
1)
Broscovina a mancat 0 insecte. Broscovina a sarit de la id1 la id14. Greutate broscuta 4
Mormolocel a mancat 2 insecte. Mormolocel a sarit de la id12 la id14. Greutate broscuta 4
Stare frunze: [['id0', 1.0, 5.0, 3, 5.0], ['id1', 0.0, 0.0, 0, 5.0], ['id2', -1.0, 1.0, 3, 8.0], ['id3', 0.0, 2.0, 0, 7.0], ['id4', 2.0, 2.0, 3, 10.0], ['id5', 3.0, 0.0, 1, 5.0], ['id6', -3.0, 1.0, 1, 6.0], ['id7', -4.0, 1.0, 3, 7.0], ['id8', -4.0, 0.0, 1, 7.0], ['id9', -5.0, 0.0, 2, 8.0], ['id10', -3.0, -3.0, 4, 12.0], ['id11', 1.0, -3.0, 3, 6.0], ['id12', 0.0, -2.0, 0, 5.0], ['id13', -2.0, -1.0, 3, 9.0], ['id14', -1.0, -1.0, 7, 7.0]]
2)
Broscovina a mancat 5 insecte. Broscovina a sarit de la id14 la id10. Greutate broscuta 8
Mormolocel a mancat 1 insecte. Mormolocel a sarit de la id14 la id13. Greutate broscuta 4
Stare frunze: [['id0', 1.0, 5.0, 3, 5.0], ['id1', 0.0, 0.0, 0, 5.0], ['id2', -1.0, 1.0, 3, 8.0], ['id3', 0.0, 2.0, 0, 7.0], ['id4', 2.0, 2.0, 3, 10.0], ['id5', 3.0, 0.0, 1, 5.0], ['id6', -3.0, 1.0, 1, 6.0], ['id7', -4.0, 1.0, 3, 7.0], ['id8', -4.0, 0.0, 1, 7.0], ['id9', -5.0, 0.0, 2, 8.0], ['id10', -3.0, -3.0, 4, 4.0], ['id11', 1.0, -3.0, 3, 6.0], ['id12', 0.0, -2.0, 0, 5.0], ['id13', -2.0, -1.0, 3, 5.0], ['id14', -1.0, -1.0, 1, 15.0]]
3)
Broscovina a mancat 1 insecte. Broscovina a sarit de la id10 la mal. Greutate broscuta 8
Mormolocel a mancat 3 insecte. Mormolocel a sarit de la id13 la id10. Greutate broscuta 6
Stare frunze: [['id0', 1.0, 5.0, 3, 5.0], ['id1', 0.0, 0.0, 0, 5.0], ['id2', -1.0, 1.0, 3, 8.0], ['id3', 0.0, 2.0, 0, 7.0], ['id4', 2.0, 2.0, 3, 10.0], ['id5', 3.0, 0.0, 1, 5.0], ['id6', -3.0, 1.0, 1, 6.0], ['id7', -4.0, 1.0, 3, 7.0], ['id8', -4.0, 0.0, 1, 7.0], ['id9', -5.0, 0.0, 2, 8.0], ['id10', -3.0, -3.0, 3, 6.0], ['id11', 1.0, -3.0, 3, 6.0], ['id12', 0.0, -2.0, 0, 5.0], ['id13', -2.0, -1.0, 0, 9.0], ['id14', -1.0, -1.0, 1, 15.0]]
4)
Mormolocel a mancat 3 insecte. Mormolocel a sarit de la id10 la mal. Greutate broscuta 8
Stare frunze: [['id0', 1.0, 5.0, 3, 5.0], ['id1', 0.0, 0.0, 0, 5.0], ['id2', -1.0, 1.0, 3, 8.0], ['id3', 0.0, 2.0, 0, 7.0], ['id4', 2.0, 2.0, 3, 10.0], ['id5', 3.0, 0.0, 1, 5.0], ['id6', -3.0, 1.0, 1, 6.0], ['id7', -4.0, 1.0, 3, 7.0], ['id8', -4.0, 0.0, 1, 7.0], ['id9', -5.0, 0.0, 2, 8.0], ['id10', -3.0, -3.0, 0, 12.0], ['id11', 1.0, -3.0, 3, 6.0], ['id12', 0.0, -2.0, 0, 5.0], ['id13', -2.0, -1.0, 0, 9.0], ['id14', -1.0, -1.0, 1, 15.0]]
Cost total: 14.407640852753602
Noduri folosite de algoritm in total: 6321
Noduri folosite maxim in memorie la un moment dat de algoritm: 1490
------------------------------------------------------------------------------------------------------------------------------------------------------
------------------------------------------------------------------------------------------------------------------------------------------------------
Cu euristica care tine cont de cea mai apropiata frunza (sau mal).
A fost depasit timeout-ul!
------------------------------------------------------------------------------------------------------------------------------------------------------
------------------------------------------------------------------------------------------------------------------------------------------------------
Rezultate cu UCS:
A fost depasit timeout-ul!
------------------------------------------------------------------------------------------------------------------------------------------------------
