Rezultate cu A*:
Cu euristica banala.
Timp total executie: 0.09975314140319824
0)
Broscoi se afla pe frunza initiala id0. Greutate broscuta 1
Broasca se afla pe frunza initiala id1. Greutate broscuta 2
Stare frunze: [['id0', 0.0, 0.0, 6, 9.0], ['id1', -4.0, 6.0, 2, 3.0], ['id2', -2.0, 0.0, 10, 15.0], ['id3', -5.0, 0.0, 12, 20.0], ['id4', 3.0, 3.0, 1, 6.0]]
1)
Broscoi a mancat 6 insecte. Broscoi a sarit de la id0 la id2. Greutate broscuta 6
Broasca a mancat 2 insecte. Broasca a sarit de la id1 la mal. Greutate broscuta 3
Stare frunze: [['id0', 0.0, 0.0, 0, 10.0], ['id1', -4.0, 6.0, 0, 5.0], ['id2', -2.0, 0.0, 10, 9.0], ['id3', -5.0, 0.0, 12, 20.0], ['id4', 3.0, 3.0, 1, 6.0]]
2)
Broscoi a mancat 3 insecte. Broscoi a sarit de la id2 la id3. Greutate broscuta 8
Stare frunze: [['id0', 0.0, 0.0, 0, 10.0], ['id1', -4.0, 6.0, 0, 5.0], ['id2', -2.0, 0.0, 7, 15.0], ['id3', -5.0, 0.0, 12, 12.0], ['id4', 3.0, 3.0, 1, 6.0]]
3)
Broscoi a mancat 12 insecte. Broscoi a sarit de la id3 la mal. Greutate broscuta 19
Stare frunze: [['id0', 0.0, 0.0, 0, 10.0], ['id1', -4.0, 6.0, 0, 5.0], ['id2', -2.0, 0.0, 7, 15.0], ['id3', -5.0, 0.0, 0, 20.0], ['id4', 3.0, 3.0, 1, 6.0]]
Cost total: 8.78889744907202
Noduri folosite de algoritm in total: 1001
Noduri folosite maxim in memorie la un moment dat de algoritm: 780
------------------------------------------------------------------------------------------------------------------------------------------------------
------------------------------------------------------------------------------------------------------------------------------------------------------
Cu euristica gresita.
Timp total executie: 0.04740166664123535
0)
Broscoi se afla pe frunza initiala id0. Greutate broscuta 1
Broasca se afla pe frunza initiala id1. Greutate broscuta 2
Stare frunze: [['id0', 0.0, 0.0, 6, 9.0], ['id1', -4.0, 6.0, 2, 3.0], ['id2', -2.0, 0.0, 10, 15.0], ['id3', -5.0, 0.0, 12, 20.0], ['id4', 3.0, 3.0, 1, 6.0]]
1)
Broscoi a mancat 5 insecte. Broscoi a sarit de la id0 la id2. Greutate broscuta 5
Broasca a mancat 1 insecte. Broasca a sarit de la id1 la mal. Greutate broscuta 2
Stare frunze: [['id0', 0.0, 0.0, 1, 10.0], ['id1', -4.0, 6.0, 1, 5.0], ['id2', -2.0, 0.0, 10, 10.0], ['id3', -5.0, 0.0, 12, 20.0], ['id4', 3.0, 3.0, 1, 6.0]]
2)
Broscoi a mancat 10 insecte. Broscoi a sarit de la id2 la id3. Greutate broscuta 14
Stare frunze: [['id0', 0.0, 0.0, 1, 10.0], ['id1', -4.0, 6.0, 1, 5.0], ['id2', -2.0, 0.0, 0, 15.0], ['id3', -5.0, 0.0, 12, 6.0], ['id4', 3.0, 3.0, 1, 6.0]]
3)
Broscoi a mancat 6 insecte. Broscoi a sarit de la id3 la mal. Greutate broscuta 19
Stare frunze: [['id0', 0.0, 0.0, 1, 10.0], ['id1', -4.0, 6.0, 1, 5.0], ['id2', -2.0, 0.0, 0, 15.0], ['id3', -5.0, 0.0, 6, 20.0], ['id4', 3.0, 3.0, 1, 6.0]]
Cost total: 8.78889744907202
Noduri folosite de algoritm in total: 571
Noduri folosite maxim in memorie la un moment dat de algoritm: 377
------------------------------------------------------------------------------------------------------------------------------------------------------
------------------------------------------------------------------------------------------------------------------------------------------------------
Cu euristica care tine cont de distanta catre mal.
Timp total executie: 0.033036231994628906
0)
Broscoi se afla pe frunza initiala id0. Greutate broscuta 1
Broasca se afla pe frunza initiala id1. Greutate broscuta 2
Stare frunze: [['id0', 0.0, 0.0, 6, 9.0], ['id1', -4.0, 6.0, 2, 3.0], ['id2', -2.0, 0.0, 10, 15.0], ['id3', -5.0, 0.0, 12, 20.0], ['id4', 3.0, 3.0, 1, 6.0]]
1)
Broscoi a mancat 6 insecte. Broscoi a sarit de la id0 la id2. Greutate broscuta 6
Broasca a mancat 2 insecte. Broasca a sarit de la id1 la mal. Greutate broscuta 3
Stare frunze: [['id0', 0.0, 0.0, 0, 10.0], ['id1', -4.0, 6.0, 0, 5.0], ['id2', -2.0, 0.0, 10, 9.0], ['id3', -5.0, 0.0, 12, 20.0], ['id4', 3.0, 3.0, 1, 6.0]]
2)
Broscoi a mancat 3 insecte. Broscoi a sarit de la id2 la id3. Greutate broscuta 8
Stare frunze: [['id0', 0.0, 0.0, 0, 10.0], ['id1', -4.0, 6.0, 0, 5.0], ['id2', -2.0, 0.0, 7, 15.0], ['id3', -5.0, 0.0, 12, 12.0], ['id4', 3.0, 3.0, 1, 6.0]]
3)
Broscoi a mancat 12 insecte. Broscoi a sarit de la id3 la mal. Greutate broscuta 19
Stare frunze: [['id0', 0.0, 0.0, 0, 10.0], ['id1', -4.0, 6.0, 0, 5.0], ['id2', -2.0, 0.0, 7, 15.0], ['id3', -5.0, 0.0, 0, 20.0], ['id4', 3.0, 3.0, 1, 6.0]]
Cost total: 8.78889744907202
Noduri folosite de algoritm in total: 495
Noduri folosite maxim in memorie la un moment dat de algoritm: 462
------------------------------------------------------------------------------------------------------------------------------------------------------
------------------------------------------------------------------------------------------------------------------------------------------------------
Cu euristica care tine cont de cea mai apropiata frunza (sau mal).
Timp total executie: 0.08712530136108398
0)
Broscoi se afla pe frunza initiala id0. Greutate broscuta 1
Broasca se afla pe frunza initiala id1. Greutate broscuta 2
Stare frunze: [['id0', 0.0, 0.0, 6, 9.0], ['id1', -4.0, 6.0, 2, 3.0], ['id2', -2.0, 0.0, 10, 15.0], ['id3', -5.0, 0.0, 12, 20.0], ['id4', 3.0, 3.0, 1, 6.0]]
1)
Broscoi a mancat 6 insecte. Broscoi a sarit de la id0 la id2. Greutate broscuta 6
Broasca a mancat 2 insecte. Broasca a sarit de la id1 la mal. Greutate broscuta 3
Stare frunze: [['id0', 0.0, 0.0, 0, 10.0], ['id1', -4.0, 6.0, 0, 5.0], ['id2', -2.0, 0.0, 10, 9.0], ['id3', -5.0, 0.0, 12, 20.0], ['id4', 3.0, 3.0, 1, 6.0]]
2)
Broscoi a mancat 3 insecte. Broscoi a sarit de la id2 la id3. Greutate broscuta 8
Stare frunze: [['id0', 0.0, 0.0, 0, 10.0], ['id1', -4.0, 6.0, 0, 5.0], ['id2', -2.0, 0.0, 7, 15.0], ['id3', -5.0, 0.0, 12, 12.0], ['id4', 3.0, 3.0, 1, 6.0]]
3)
Broscoi a mancat 12 insecte. Broscoi a sarit de la id3 la mal. Greutate broscuta 19
Stare frunze: [['id0', 0.0, 0.0, 0, 10.0], ['id1', -4.0, 6.0, 0, 5.0], ['id2', -2.0, 0.0, 7, 15.0], ['id3', -5.0, 0.0, 0, 20.0], ['id4', 3.0, 3.0, 1, 6.0]]
Cost total: 8.78889744907202
Noduri folosite de algoritm in total: 831
Noduri folosite maxim in memorie la un moment dat de algoritm: 746
------------------------------------------------------------------------------------------------------------------------------------------------------
------------------------------------------------------------------------------------------------------------------------------------------------------
------------------------------------------------------------------------------------------------------------------------------------------------------
Rezultate cu A* optim:
Cu euristica banala.
Timp total executie: 0.07303738594055176
0)
Broscoi se afla pe frunza initiala id0. Greutate broscuta 1
Broasca se afla pe frunza initiala id1. Greutate broscuta 2
Stare frunze: [['id0', 0.0, 0.0, 6, 9.0], ['id1', -4.0, 6.0, 2, 3.0], ['id2', -2.0, 0.0, 10, 15.0], ['id3', -5.0, 0.0, 12, 20.0], ['id4', 3.0, 3.0, 1, 6.0]]
1)
Broscoi a mancat 6 insecte. Broscoi a sarit de la id0 la id2. Greutate broscuta 6
Broasca a mancat 2 insecte. Broasca a sarit de la id1 la mal. Greutate broscuta 3
Stare frunze: [['id0', 0.0, 0.0, 0, 10.0], ['id1', -4.0, 6.0, 0, 5.0], ['id2', -2.0, 0.0, 10, 9.0], ['id3', -5.0, 0.0, 12, 20.0], ['id4', 3.0, 3.0, 1, 6.0]]
2)
Broscoi a mancat 3 insecte. Broscoi a sarit de la id2 la id3. Greutate broscuta 8
Stare frunze: [['id0', 0.0, 0.0, 0, 10.0], ['id1', -4.0, 6.0, 0, 5.0], ['id2', -2.0, 0.0, 7, 15.0], ['id3', -5.0, 0.0, 12, 12.0], ['id4', 3.0, 3.0, 1, 6.0]]
3)
Broscoi a mancat 12 insecte. Broscoi a sarit de la id3 la mal. Greutate broscuta 19
Stare frunze: [['id0', 0.0, 0.0, 0, 10.0], ['id1', -4.0, 6.0, 0, 5.0], ['id2', -2.0, 0.0, 7, 15.0], ['id3', -5.0, 0.0, 0, 20.0], ['id4', 3.0, 3.0, 1, 6.0]]
Cost total: 8.78889744907202
Noduri folosite de algoritm in total: 571
Noduri folosite maxim in memorie la un moment dat de algoritm: 571
------------------------------------------------------------------------------------------------------------------------------------------------------
------------------------------------------------------------------------------------------------------------------------------------------------------
Cu euristica gresita.
Timp total executie: 0.0250091552734375
0)
Broscoi se afla pe frunza initiala id0. Greutate broscuta 1
Broasca se afla pe frunza initiala id1. Greutate broscuta 2
Stare frunze: [['id0', 0.0, 0.0, 6, 9.0], ['id1', -4.0, 6.0, 2, 3.0], ['id2', -2.0, 0.0, 10, 15.0], ['id3', -5.0, 0.0, 12, 20.0], ['id4', 3.0, 3.0, 1, 6.0]]
1)
Broscoi a mancat 5 insecte. Broscoi a sarit de la id0 la id2. Greutate broscuta 5
Broasca a mancat 1 insecte. Broasca a sarit de la id1 la mal. Greutate broscuta 2
Stare frunze: [['id0', 0.0, 0.0, 1, 10.0], ['id1', -4.0, 6.0, 1, 5.0], ['id2', -2.0, 0.0, 10, 10.0], ['id3', -5.0, 0.0, 12, 20.0], ['id4', 3.0, 3.0, 1, 6.0]]
2)
Broscoi a mancat 10 insecte. Broscoi a sarit de la id2 la id3. Greutate broscuta 14
Stare frunze: [['id0', 0.0, 0.0, 1, 10.0], ['id1', -4.0, 6.0, 1, 5.0], ['id2', -2.0, 0.0, 0, 15.0], ['id3', -5.0, 0.0, 12, 6.0], ['id4', 3.0, 3.0, 1, 6.0]]
3)
Broscoi a mancat 6 insecte. Broscoi a sarit de la id3 la mal. Greutate broscuta 19
Stare frunze: [['id0', 0.0, 0.0, 1, 10.0], ['id1', -4.0, 6.0, 1, 5.0], ['id2', -2.0, 0.0, 0, 15.0], ['id3', -5.0, 0.0, 6, 20.0], ['id4', 3.0, 3.0, 1, 6.0]]
Cost total: 8.78889744907202
Noduri folosite de algoritm in total: 149
Noduri folosite maxim in memorie la un moment dat de algoritm: 149
------------------------------------------------------------------------------------------------------------------------------------------------------
------------------------------------------------------------------------------------------------------------------------------------------------------
Cu euristica care tine cont de distanta catre mal.
Timp total executie: 0.044007062911987305
0)
Broscoi se afla pe frunza initiala id0. Greutate broscuta 1
Broasca se afla pe frunza initiala id1. Greutate broscuta 2
Stare frunze: [['id0', 0.0, 0.0, 6, 9.0], ['id1', -4.0, 6.0, 2, 3.0], ['id2', -2.0, 0.0, 10, 15.0], ['id3', -5.0, 0.0, 12, 20.0], ['id4', 3.0, 3.0, 1, 6.0]]
1)
Broscoi a mancat 6 insecte. Broscoi a sarit de la id0 la id2. Greutate broscuta 6
Broasca a mancat 2 insecte. Broasca a sarit de la id1 la mal. Greutate broscuta 3
Stare frunze: [['id0', 0.0, 0.0, 0, 10.0], ['id1', -4.0, 6.0, 0, 5.0], ['id2', -2.0, 0.0, 10, 9.0], ['id3', -5.0, 0.0, 12, 20.0], ['id4', 3.0, 3.0, 1, 6.0]]
2)
Broscoi a mancat 3 insecte. Broscoi a sarit de la id2 la id3. Greutate broscuta 8
Stare frunze: [['id0', 0.0, 0.0, 0, 10.0], ['id1', -4.0, 6.0, 0, 5.0], ['id2', -2.0, 0.0, 7, 15.0], ['id3', -5.0, 0.0, 12, 12.0], ['id4', 3.0, 3.0, 1, 6.0]]
3)
Broscoi a mancat 12 insecte. Broscoi a sarit de la id3 la mal. Greutate broscuta 19
Stare frunze: [['id0', 0.0, 0.0, 0, 10.0], ['id1', -4.0, 6.0, 0, 5.0], ['id2', -2.0, 0.0, 7, 15.0], ['id3', -5.0, 0.0, 0, 20.0], ['id4', 3.0, 3.0, 1, 6.0]]
Cost total: 8.78889744907202
Noduri folosite de algoritm in total: 495
Noduri folosite maxim in memorie la un moment dat de algoritm: 495
------------------------------------------------------------------------------------------------------------------------------------------------------
------------------------------------------------------------------------------------------------------------------------------------------------------
Cu euristica care tine cont de cea mai apropiata frunza (sau mal).
Timp total executie: 0.0766439437866211
0)
Broscoi se afla pe frunza initiala id0. Greutate broscuta 1
Broasca se afla pe frunza initiala id1. Greutate broscuta 2
Stare frunze: [['id0', 0.0, 0.0, 6, 9.0], ['id1', -4.0, 6.0, 2, 3.0], ['id2', -2.0, 0.0, 10, 15.0], ['id3', -5.0, 0.0, 12, 20.0], ['id4', 3.0, 3.0, 1, 6.0]]
1)
Broscoi a mancat 6 insecte. Broscoi a sarit de la id0 la id2. Greutate broscuta 6
Broasca a mancat 2 insecte. Broasca a sarit de la id1 la mal. Greutate broscuta 3
Stare frunze: [['id0', 0.0, 0.0, 0, 10.0], ['id1', -4.0, 6.0, 0, 5.0], ['id2', -2.0, 0.0, 10, 9.0], ['id3', -5.0, 0.0, 12, 20.0], ['id4', 3.0, 3.0, 1, 6.0]]
2)
Broscoi a mancat 3 insecte. Broscoi a sarit de la id2 la id3. Greutate broscuta 8
Stare frunze: [['id0', 0.0, 0.0, 0, 10.0], ['id1', -4.0, 6.0, 0, 5.0], ['id2', -2.0, 0.0, 7, 15.0], ['id3', -5.0, 0.0, 12, 12.0], ['id4', 3.0, 3.0, 1, 6.0]]
3)
Broscoi a mancat 12 insecte. Broscoi a sarit de la id3 la mal. Greutate broscuta 19
Stare frunze: [['id0', 0.0, 0.0, 0, 10.0], ['id1', -4.0, 6.0, 0, 5.0], ['id2', -2.0, 0.0, 7, 15.0], ['id3', -5.0, 0.0, 0, 20.0], ['id4', 3.0, 3.0, 1, 6.0]]
Cost total: 8.78889744907202
Noduri folosite de algoritm in total: 551
Noduri folosite maxim in memorie la un moment dat de algoritm: 551
------------------------------------------------------------------------------------------------------------------------------------------------------
------------------------------------------------------------------------------------------------------------------------------------------------------
------------------------------------------------------------------------------------------------------------------------------------------------------
Rezultate cu IDA*:
Cu euristica banala.
Timp total executie: 0.10300087928771973
0)
Broscoi se afla pe frunza initiala id0. Greutate broscuta 1
Broasca se afla pe frunza initiala id1. Greutate broscuta 2
Stare frunze: [['id0', 0.0, 0.0, 6, 9.0], ['id1', -4.0, 6.0, 2, 3.0], ['id2', -2.0, 0.0, 10, 15.0], ['id3', -5.0, 0.0, 12, 20.0], ['id4', 3.0, 3.0, 1, 6.0]]
1)
Broscoi a mancat 5 insecte. Broscoi a sarit de la id0 la id2. Greutate broscuta 5
Broasca a mancat 1 insecte. Broasca a sarit de la id1 la mal. Greutate broscuta 2
Stare frunze: [['id0', 0.0, 0.0, 1, 10.0], ['id1', -4.0, 6.0, 1, 5.0], ['id2', -2.0, 0.0, 10, 10.0], ['id3', -5.0, 0.0, 12, 20.0], ['id4', 3.0, 3.0, 1, 6.0]]
2)
Broscoi a mancat 4 insecte. Broscoi a sarit de la id2 la id3. Greutate broscuta 8
Stare frunze: [['id0', 0.0, 0.0, 1, 10.0], ['id1', -4.0, 6.0, 1, 5.0], ['id2', -2.0, 0.0, 6, 15.0], ['id3', -5.0, 0.0, 12, 12.0], ['id4', 3.0, 3.0, 1, 6.0]]
3)
Broscoi a mancat 1 insecte. Broscoi a sarit de la id3 la mal. Greutate broscuta 8
Stare frunze: [['id0', 0.0, 0.0, 1, 10.0], ['id1', -4.0, 6.0, 1, 5.0], ['id2', -2.0, 0.0, 6, 15.0], ['id3', -5.0, 0.0, 11, 20.0], ['id4', 3.0, 3.0, 1, 6.0]]
Cost total: 8.78889744907202
Noduri folosite de algoritm in total: 1650
Noduri folosite maxim in memorie la un moment dat de algoritm: 831
------------------------------------------------------------------------------------------------------------------------------------------------------
------------------------------------------------------------------------------------------------------------------------------------------------------
Cu euristica gresita.
Timp total executie: 0.06303524971008301
0)
Broscoi se afla pe frunza initiala id0. Greutate broscuta 1
Broasca se afla pe frunza initiala id1. Greutate broscuta 2
Stare frunze: [['id0', 0.0, 0.0, 6, 9.0], ['id1', -4.0, 6.0, 2, 3.0], ['id2', -2.0, 0.0, 10, 15.0], ['id3', -5.0, 0.0, 12, 20.0], ['id4', 3.0, 3.0, 1, 6.0]]
1)
Broscoi a mancat 5 insecte. Broscoi a sarit de la id0 la id2. Greutate broscuta 5
Broasca a mancat 1 insecte. Broasca a sarit de la id1 la mal. Greutate broscuta 2
Stare frunze: [['id0', 0.0, 0.0, 1, 10.0], ['id1', -4.0, 6.0, 1, 5.0], ['id2', -2.0, 0.0, 10, 10.0], ['id3', -5.0, 0.0, 12, 20.0], ['id4', 3.0, 3.0, 1, 6.0]]
2)
Broscoi a mancat 4 insecte. Broscoi a sarit de la id2 la id3. Greutate broscuta 8
Stare frunze: [['id0', 0.0, 0.0, 1, 10.0], ['id1', -4.0, 6.0, 1, 5.0], ['id2', -2.0, 0.0, 6, 15.0], ['id3', -5.0, 0.0, 12, 12.0], ['id4', 3.0, 3.0, 1, 6.0]]
3)
Broscoi a mancat 1 insecte. Broscoi a sarit de la id3 la mal. Greutate broscuta 8
Stare frunze: [['id0', 0.0, 0.0, 1, 10.0], ['id1', -4.0, 6.0, 1, 5.0], ['id2', -2.0, 0.0, 6, 15.0], ['id3', -5.0, 0.0, 11, 20.0], ['id4', 3.0, 3.0, 1, 6.0]]
Cost total: 8.78889744907202
Noduri folosite de algoritm in total: 803
Noduri folosite maxim in memorie la un moment dat de algoritm: 561
------------------------------------------------------------------------------------------------------------------------------------------------------
------------------------------------------------------------------------------------------------------------------------------------------------------
Cu euristica care tine cont de distanta catre mal.
Timp total executie: 0.0030012130737304688
0)
Broscoi se afla pe frunza initiala id0. Greutate broscuta 1
Broasca se afla pe frunza initiala id1. Greutate broscuta 2
Stare frunze: [['id0', 0.0, 0.0, 6, 9.0], ['id1', -4.0, 6.0, 2, 3.0], ['id2', -2.0, 0.0, 10, 15.0], ['id3', -5.0, 0.0, 12, 20.0], ['id4', 3.0, 3.0, 1, 6.0]]
1)
Broscoi a mancat 5 insecte. Broscoi a sarit de la id0 la id2. Greutate broscuta 5
Broasca a mancat 1 insecte. Broasca a sarit de la id1 la mal. Greutate broscuta 2
Stare frunze: [['id0', 0.0, 0.0, 1, 10.0], ['id1', -4.0, 6.0, 1, 5.0], ['id2', -2.0, 0.0, 10, 10.0], ['id3', -5.0, 0.0, 12, 20.0], ['id4', 3.0, 3.0, 1, 6.0]]
2)
Broscoi a mancat 4 insecte. Broscoi a sarit de la id2 la id3. Greutate broscuta 8
Stare frunze: [['id0', 0.0, 0.0, 1, 10.0], ['id1', -4.0, 6.0, 1, 5.0], ['id2', -2.0, 0.0, 6, 15.0], ['id3', -5.0, 0.0, 12, 12.0], ['id4', 3.0, 3.0, 1, 6.0]]
3)
Broscoi a mancat 1 insecte. Broscoi a sarit de la id3 la mal. Greutate broscuta 8
Stare frunze: [['id0', 0.0, 0.0, 1, 10.0], ['id1', -4.0, 6.0, 1, 5.0], ['id2', -2.0, 0.0, 6, 15.0], ['id3', -5.0, 0.0, 11, 20.0], ['id4', 3.0, 3.0, 1, 6.0]]
Cost total: 8.78889744907202
Noduri folosite de algoritm in total: 10
Noduri folosite maxim in memorie la un moment dat de algoritm: 9
------------------------------------------------------------------------------------------------------------------------------------------------------
------------------------------------------------------------------------------------------------------------------------------------------------------
Cu euristica care tine cont de cea mai apropiata frunza (sau mal).
Timp total executie: 0.0229644775390625
0)
Broscoi se afla pe frunza initiala id0. Greutate broscuta 1
Broasca se afla pe frunza initiala id1. Greutate broscuta 2
Stare frunze: [['id0', 0.0, 0.0, 6, 9.0], ['id1', -4.0, 6.0, 2, 3.0], ['id2', -2.0, 0.0, 10, 15.0], ['id3', -5.0, 0.0, 12, 20.0], ['id4', 3.0, 3.0, 1, 6.0]]
1)
Broscoi a mancat 5 insecte. Broscoi a sarit de la id0 la id2. Greutate broscuta 5
Broasca a mancat 1 insecte. Broasca a sarit de la id1 la mal. Greutate broscuta 2
Stare frunze: [['id0', 0.0, 0.0, 1, 10.0], ['id1', -4.0, 6.0, 1, 5.0], ['id2', -2.0, 0.0, 10, 10.0], ['id3', -5.0, 0.0, 12, 20.0], ['id4', 3.0, 3.0, 1, 6.0]]
2)
Broscoi a mancat 4 insecte. Broscoi a sarit de la id2 la id3. Greutate broscuta 8
Stare frunze: [['id0', 0.0, 0.0, 1, 10.0], ['id1', -4.0, 6.0, 1, 5.0], ['id2', -2.0, 0.0, 6, 15.0], ['id3', -5.0, 0.0, 12, 12.0], ['id4', 3.0, 3.0, 1, 6.0]]
3)
Broscoi a mancat 1 insecte. Broscoi a sarit de la id3 la mal. Greutate broscuta 8
Stare frunze: [['id0', 0.0, 0.0, 1, 10.0], ['id1', -4.0, 6.0, 1, 5.0], ['id2', -2.0, 0.0, 6, 15.0], ['id3', -5.0, 0.0, 11, 20.0], ['id4', 3.0, 3.0, 1, 6.0]]
Cost total: 8.78889744907202
Noduri folosite de algoritm in total: 237
Noduri folosite maxim in memorie la un moment dat de algoritm: 91
------------------------------------------------------------------------------------------------------------------------------------------------------
------------------------------------------------------------------------------------------------------------------------------------------------------
------------------------------------------------------------------------------------------------------------------------------------------------------
Rezultate cu UCS:
Timp total executie: 0.09804511070251465
0)
Broscoi se afla pe frunza initiala id0. Greutate broscuta 1
Broasca se afla pe frunza initiala id1. Greutate broscuta 2
Stare frunze: [['id0', 0.0, 0.0, 6, 9.0], ['id1', -4.0, 6.0, 2, 3.0], ['id2', -2.0, 0.0, 10, 15.0], ['id3', -5.0, 0.0, 12, 20.0], ['id4', 3.0, 3.0, 1, 6.0]]
1)
Broscoi a mancat 6 insecte. Broscoi a sarit de la id0 la id2. Greutate broscuta 6
Broasca a mancat 2 insecte. Broasca a sarit de la id1 la mal. Greutate broscuta 3
Stare frunze: [['id0', 0.0, 0.0, 0, 10.0], ['id1', -4.0, 6.0, 0, 5.0], ['id2', -2.0, 0.0, 10, 9.0], ['id3', -5.0, 0.0, 12, 20.0], ['id4', 3.0, 3.0, 1, 6.0]]
2)
Broscoi a mancat 3 insecte. Broscoi a sarit de la id2 la id3. Greutate broscuta 8
Stare frunze: [['id0', 0.0, 0.0, 0, 10.0], ['id1', -4.0, 6.0, 0, 5.0], ['id2', -2.0, 0.0, 7, 15.0], ['id3', -5.0, 0.0, 12, 12.0], ['id4', 3.0, 3.0, 1, 6.0]]
3)
Broscoi a mancat 12 insecte. Broscoi a sarit de la id3 la mal. Greutate broscuta 19
Stare frunze: [['id0', 0.0, 0.0, 0, 10.0], ['id1', -4.0, 6.0, 0, 5.0], ['id2', -2.0, 0.0, 7, 15.0], ['id3', -5.0, 0.0, 0, 20.0], ['id4', 3.0, 3.0, 1, 6.0]]
Cost total: 8.78889744907202
Noduri folosite de algoritm in total: 1001
Noduri folosite maxim in memorie la un moment dat de algoritm: 780
------------------------------------------------------------------------------------------------------------------------------------------------------
------------------------------------------------------------------------------------------------------------------------------------------------------
